Analysis & Synthesis report for multiplicador
Tue Nov 26 00:44:48 2019
Quartus Prime Version 18.1.0 Build 625 09/12/2018 SJ Lite Edition


---------------------
; Table of Contents ;
---------------------
  1. Legal Notice
  2. Analysis & Synthesis Summary
  3. Analysis & Synthesis Settings
  4. Parallel Compilation
  5. Analysis & Synthesis Source Files Read
  6. Analysis & Synthesis Resource Usage Summary
  7. Analysis & Synthesis Resource Utilization by Entity
  8. State Machine - |multiplicador|controller:CONTROL|estado
  9. Registers Removed During Synthesis
 10. Removed Registers Triggering Further Register Optimizations
 11. General Register Statistics
 12. Port Connectivity Checks: "adder:ADDER"
 13. Port Connectivity Checks: "controller:CONTROL"
 14. Port Connectivity Checks: "counter:COUNTER"
 15. Port Connectivity Checks: "acc:ACC"
 16. Post-Synthesis Netlist Statistics for Top Partition
 17. Elapsed Time Per Partition
 18. Analysis & Synthesis Messages



----------------
; Legal Notice ;
----------------
Copyright (C) 2018  Intel Corporation. All rights reserved.
Your use of Intel Corporation's design tools, logic functions 
and other software and tools, and its AMPP partner logic 
functions, and any output files from any of the foregoing 
(including device programming or simulation files), and any 
associated documentation or information are expressly subject 
to the terms and conditions of the Intel Program License 
Subscription Agreement, the Intel Quartus Prime License Agreement,
the Intel FPGA IP License Agreement, or other applicable license
agreement, including, without limitation, that your use is for
the sole purpose of programming logic devices manufactured by
Intel and sold by Intel or its authorized distributors.  Please
refer to the applicable agreement for further details.



+----------------------------------------------------------------------------------+
; Analysis & Synthesis Summary                                                     ;
+------------------------------------+---------------------------------------------+
; Analysis & Synthesis Status        ; Successful - Tue Nov 26 00:44:48 2019       ;
; Quartus Prime Version              ; 18.1.0 Build 625 09/12/2018 SJ Lite Edition ;
; Revision Name                      ; multiplicador                               ;
; Top-level Entity Name              ; multiplicador                               ;
; Family                             ; Cyclone IV GX                               ;
; Total logic elements               ; 0                                           ;
;     Total combinational functions  ; 0                                           ;
;     Dedicated logic registers      ; 0                                           ;
; Total registers                    ; 0                                           ;
; Total pins                         ; 68                                          ;
; Total virtual pins                 ; 0                                           ;
; Total memory bits                  ; 0                                           ;
; Embedded Multiplier 9-bit elements ; 0                                           ;
; Total GXB Receiver Channel PCS     ; 0                                           ;
; Total GXB Receiver Channel PMA     ; 0                                           ;
; Total GXB Transmitter Channel PCS  ; 0                                           ;
; Total GXB Transmitter Channel PMA  ; 0                                           ;
; Total PLLs                         ; 0                                           ;
+------------------------------------+---------------------------------------------+


+------------------------------------------------------------------------------------------------------------+
; Analysis & Synthesis Settings                                                                              ;
+------------------------------------------------------------------+--------------------+--------------------+
; Option                                                           ; Setting            ; Default Value      ;
+------------------------------------------------------------------+--------------------+--------------------+
; Device                                                           ; EP4CGX150DF31I7AD  ;                    ;
; Top-level entity name                                            ; multiplicador      ; multiplicador      ;
; Family name                                                      ; Cyclone IV GX      ; Cyclone V          ;
; Use smart compilation                                            ; Off                ; Off                ;
; Enable parallel Assembler and Timing Analyzer during compilation ; On                 ; On                 ;
; Enable compact report table                                      ; Off                ; Off                ;
; Restructure Multiplexers                                         ; Auto               ; Auto               ;
; Create Debugging Nodes for IP Cores                              ; Off                ; Off                ;
; Preserve fewer node names                                        ; On                 ; On                 ;
; Intel FPGA IP Evaluation Mode                                    ; Enable             ; Enable             ;
; Verilog Version                                                  ; Verilog_2001       ; Verilog_2001       ;
; VHDL Version                                                     ; VHDL_1993          ; VHDL_1993          ;
; State Machine Processing                                         ; Auto               ; Auto               ;
; Safe State Machine                                               ; Off                ; Off                ;
; Extract Verilog State Machines                                   ; On                 ; On                 ;
; Extract VHDL State Machines                                      ; On                 ; On                 ;
; Ignore Verilog initial constructs                                ; Off                ; Off                ;
; Iteration limit for constant Verilog loops                       ; 5000               ; 5000               ;
; Iteration limit for non-constant Verilog loops                   ; 250                ; 250                ;
; Add Pass-Through Logic to Inferred RAMs                          ; On                 ; On                 ;
; Infer RAMs from Raw Logic                                        ; On                 ; On                 ;
; Parallel Synthesis                                               ; On                 ; On                 ;
; DSP Block Balancing                                              ; Auto               ; Auto               ;
; NOT Gate Push-Back                                               ; On                 ; On                 ;
; Power-Up Don't Care                                              ; On                 ; On                 ;
; Remove Redundant Logic Cells                                     ; Off                ; Off                ;
; Remove Duplicate Registers                                       ; On                 ; On                 ;
; Ignore CARRY Buffers                                             ; Off                ; Off                ;
; Ignore CASCADE Buffers                                           ; Off                ; Off                ;
; Ignore GLOBAL Buffers                                            ; Off                ; Off                ;
; Ignore ROW GLOBAL Buffers                                        ; Off                ; Off                ;
; Ignore LCELL Buffers                                             ; Off                ; Off                ;
; Ignore SOFT Buffers                                              ; On                 ; On                 ;
; Limit AHDL Integers to 32 Bits                                   ; Off                ; Off                ;
; Optimization Technique                                           ; Balanced           ; Balanced           ;
; Carry Chain Length                                               ; 70                 ; 70                 ;
; Auto Carry Chains                                                ; On                 ; On                 ;
; Auto Open-Drain Pins                                             ; On                 ; On                 ;
; Perform WYSIWYG Primitive Resynthesis                            ; Off                ; Off                ;
; Auto ROM Replacement                                             ; On                 ; On                 ;
; Auto RAM Replacement                                             ; On                 ; On                 ;
; Auto DSP Block Replacement                                       ; On                 ; On                 ;
; Auto Shift Register Replacement                                  ; Auto               ; Auto               ;
; Allow Shift Register Merging across Hierarchies                  ; Auto               ; Auto               ;
; Auto Clock Enable Replacement                                    ; On                 ; On                 ;
; Strict RAM Replacement                                           ; Off                ; Off                ;
; Allow Synchronous Control Signals                                ; On                 ; On                 ;
; Force Use of Synchronous Clear Signals                           ; Off                ; Off                ;
; Auto RAM Block Balancing                                         ; On                 ; On                 ;
; Auto RAM to Logic Cell Conversion                                ; Off                ; Off                ;
; Auto Resource Sharing                                            ; Off                ; Off                ;
; Allow Any RAM Size For Recognition                               ; Off                ; Off                ;
; Allow Any ROM Size For Recognition                               ; Off                ; Off                ;
; Allow Any Shift Register Size For Recognition                    ; Off                ; Off                ;
; Use LogicLock Constraints during Resource Balancing              ; On                 ; On                 ;
; Ignore translate_off and synthesis_off directives                ; Off                ; Off                ;
; Timing-Driven Synthesis                                          ; On                 ; On                 ;
; Report Parameter Settings                                        ; On                 ; On                 ;
; Report Source Assignments                                        ; On                 ; On                 ;
; Report Connectivity Checks                                       ; On                 ; On                 ;
; Ignore Maximum Fan-Out Assignments                               ; Off                ; Off                ;
; Synchronization Register Chain Length                            ; 2                  ; 2                  ;
; Power Optimization During Synthesis                              ; Normal compilation ; Normal compilation ;
; HDL message level                                                ; Level2             ; Level2             ;
; Suppress Register Optimization Related Messages                  ; Off                ; Off                ;
; Number of Removed Registers Reported in Synthesis Report         ; 5000               ; 5000               ;
; Number of Swept Nodes Reported in Synthesis Report               ; 5000               ; 5000               ;
; Number of Inverted Registers Reported in Synthesis Report        ; 100                ; 100                ;
; Clock MUX Protection                                             ; On                 ; On                 ;
; Auto Gated Clock Conversion                                      ; Off                ; Off                ;
; Block Design Naming                                              ; Auto               ; Auto               ;
; SDC constraint protection                                        ; Off                ; Off                ;
; Synthesis Effort                                                 ; Auto               ; Auto               ;
; Shift Register Replacement - Allow Asynchronous Clear Signal     ; On                 ; On                 ;
; Pre-Mapping Resynthesis Optimization                             ; Off                ; Off                ;
; Analysis & Synthesis Message Level                               ; Medium             ; Medium             ;
; Disable Register Merging Across Hierarchies                      ; Auto               ; Auto               ;
; Resource Aware Inference For Block RAM                           ; On                 ; On                 ;
+------------------------------------------------------------------+--------------------+--------------------+


+------------------------------------------+
; Parallel Compilation                     ;
+----------------------------+-------------+
; Processors                 ; Number      ;
+----------------------------+-------------+
; Number detected on machine ; 12          ;
; Maximum allowed            ; 6           ;
;                            ;             ;
; Average used               ; 1.00        ;
; Maximum used               ; 1           ;
;                            ;             ;
; Usage by Processor         ; % Time Used ;
;     Processor 1            ; 100.0%      ;
+----------------------------+-------------+


+-------------------------------------------------------------------------------------------------------------------------------------------------------------------------------------------+
; Analysis & Synthesis Source Files Read                                                                                                                                                    ;
+----------------------------------+-----------------+------------------------+---------------------------------------------------------------------------------------------------+---------+
; File Name with User-Entered Path ; Used in Netlist ; File Type              ; File Name with Absolute Path                                                                      ; Library ;
+----------------------------------+-----------------+------------------------+---------------------------------------------------------------------------------------------------+---------+
; counter/counter.v                ; yes             ; User Verilog HDL File  ; C:/Users/Rodrigo Coelho/Desktop/unifei/ELTD15/MIPS/MIPS_CPU/Multiplicador/counter/counter.v       ;         ;
; controller/controller.v          ; yes             ; User Verilog HDL File  ; C:/Users/Rodrigo Coelho/Desktop/unifei/ELTD15/MIPS/MIPS_CPU/Multiplicador/controller/controller.v ;         ;
; acc/acc.v                        ; yes             ; User Verilog HDL File  ; C:/Users/Rodrigo Coelho/Desktop/unifei/ELTD15/MIPS/MIPS_CPU/Multiplicador/acc/acc.v               ;         ;
; 4_bit_adder/adder.v              ; yes             ; User Verilog HDL File  ; C:/Users/Rodrigo Coelho/Desktop/unifei/ELTD15/MIPS/MIPS_CPU/Multiplicador/4_bit_adder/adder.v     ;         ;
; multiplicador.v                  ; yes             ; User Verilog HDL File  ; C:/Users/Rodrigo Coelho/Desktop/unifei/ELTD15/MIPS/MIPS_CPU/Multiplicador/multiplicador.v         ;         ;
+----------------------------------+-----------------+------------------------+---------------------------------------------------------------------------------------------------+---------+


+---------------------------------------------+
; Analysis & Synthesis Resource Usage Summary ;
+--------------------------+------------------+
; Resource                 ; Usage            ;
+--------------------------+------------------+
; I/O pins                 ; 68               ;
;                          ;                  ;
; DSP block 9-bit elements ; 0                ;
;                          ;                  ;
; Maximum fan-out node     ; multiplicando[0] ;
; Maximum fan-out          ; 1                ;
; Total fan-out            ; 68               ;
; Average fan-out          ; 0.50             ;
+--------------------------+------------------+


+----------------------------------------------------------------------------------------------------------------------------------------------------------------------------------------------------------------------+
; Analysis & Synthesis Resource Utilization by Entity                                                                                                                                                                  ;
+----------------------------+---------------------+---------------------------+-------------+--------------+---------+-----------+-----------+------+--------------+---------------------+-------------+--------------+
; Compilation Hierarchy Node ; Combinational ALUTs ; Dedicated Logic Registers ; Memory Bits ; DSP Elements ; DSP 9x9 ; DSP 18x18 ; DSP 36x36 ; Pins ; Virtual Pins ; Full Hierarchy Name ; Entity Name ; Library Name ;
+----------------------------+---------------------+---------------------------+-------------+--------------+---------+-----------+-----------+------+--------------+---------------------+-------------+--------------+
; |multiplicador             ; 0 (0)               ; 0 (0)                     ; 0           ; 0            ; 0       ; 0         ; 0         ; 68   ; 0            ; |multiplicador      ;             ;              ;
+----------------------------+---------------------+---------------------------+-------------+--------------+---------+-----------+-----------+------+--------------+---------------------+-------------+--------------+
Note: For table entries with two numbers listed, the numbers in parentheses indicate the number of resources of the given type used by the specific entity alone. The numbers listed outside of parentheses indicate the total resources of the given type used by the specific entity and all of its sub-entities in the hierarchy.


Encoding Type:  One-Hot
+----------------------------------------------------------+
; State Machine - |multiplicador|controller:CONTROL|estado ;
+-----------+-----------+-----------+----------------------+
; Name      ; estado.00 ; estado.10 ; estado.01            ;
+-----------+-----------+-----------+----------------------+
; estado.00 ; 0         ; 0         ; 0                    ;
; estado.01 ; 1         ; 0         ; 1                    ;
; estado.10 ; 1         ; 1         ; 0                    ;
+-----------+-----------+-----------+----------------------+


+---------------------------------------------------------------------------------+
; Registers Removed During Synthesis                                              ;
+----------------------------------------+----------------------------------------+
; Register name                          ; Reason for Removal                     ;
+----------------------------------------+----------------------------------------+
; controller:CONTROL|produto[0..31]      ; Stuck at GND due to stuck port data_in ;
; counter:COUNTER|k[0..4]                ; Stuck at GND due to stuck port data_in ;
; controller:CONTROL|load                ; Lost fanout                            ;
; controller:CONTROL|done                ; Stuck at GND due to stuck port data_in ;
; controller:CONTROL|estado.01           ; Lost fanout                            ;
; controller:CONTROL|estado.10           ; Lost fanout                            ;
; controller:CONTROL|estado.00           ; Lost fanout                            ;
; Total Number of Removed Registers = 42 ;                                        ;
+----------------------------------------+----------------------------------------+


+-----------------------------------------------------------------------------------------------------+
; Removed Registers Triggering Further Register Optimizations                                         ;
+----------------------+---------------------------+--------------------------------------------------+
; Register name        ; Reason for Removal        ; Registers Removed due to This Register           ;
+----------------------+---------------------------+--------------------------------------------------+
; counter:COUNTER|k[0] ; Stuck at GND              ; controller:CONTROL|load, controller:CONTROL|done ;
;                      ; due to stuck port data_in ;                                                  ;
+----------------------+---------------------------+--------------------------------------------------+


+------------------------------------------------------+
; General Register Statistics                          ;
+----------------------------------------------+-------+
; Statistic                                    ; Value ;
+----------------------------------------------+-------+
; Total registers                              ; 0     ;
; Number of registers using Synchronous Clear  ; 0     ;
; Number of registers using Synchronous Load   ; 0     ;
; Number of registers using Asynchronous Clear ; 0     ;
; Number of registers using Asynchronous Load  ; 0     ;
; Number of registers using Clock Enable       ; 0     ;
; Number of registers using Preset             ; 0     ;
+----------------------------------------------+-------+


+----------------------------------------------------------------------------------------------------------------------------------------------------------------------------+
; Port Connectivity Checks: "adder:ADDER"                                                                                                                                    ;
+------+--------+----------+-------------------------------------------------------------------------------------------------------------------------------------------------+
; Port ; Type   ; Severity ; Details                                                                                                                                         ;
+------+--------+----------+-------------------------------------------------------------------------------------------------------------------------------------------------+
; opA  ; Input  ; Warning  ; Input port expression (16 bits) is smaller than the input port (17 bits) it drives.  Extra input bit(s) "opA[16..16]" will be connected to GND. ;
; opB  ; Input  ; Warning  ; Input port expression (16 bits) is smaller than the input port (17 bits) it drives.  Extra input bit(s) "opB[16..16]" will be connected to GND. ;
; soma ; Output ; Warning  ; Output or bidir port (33 bits) is wider than the port expression (1 bits) it drives; bit(s) "soma[32..1]" have no fanouts                       ;
; soma ; Output ; Info     ; Connected to dangling logic. Logic that only feeds a dangling port will be removed.                                                             ;
+------+--------+----------+-------------------------------------------------------------------------------------------------------------------------------------------------+


+-------------------------------------------------------------------------------------------------------------------------------------------------------------------------+
; Port Connectivity Checks: "controller:CONTROL"                                                                                                                          ;
+-------+-------+----------+----------------------------------------------------------------------------------------------------------------------------------------------+
; Port  ; Type  ; Severity ; Details                                                                                                                                      ;
+-------+-------+----------+----------------------------------------------------------------------------------------------------------------------------------------------+
; final ; Input ; Warning  ; Declared by entity but not connected by instance. If a default value exists, it will be used.  Otherwise, the port will be connected to GND. ;
+-------+-------+----------+----------------------------------------------------------------------------------------------------------------------------------------------+


+------------------------------------------------------------------------------------------------------------------------------------------------------------------------+
; Port Connectivity Checks: "counter:COUNTER"                                                                                                                            ;
+------+-------+----------+----------------------------------------------------------------------------------------------------------------------------------------------+
; Port ; Type  ; Severity ; Details                                                                                                                                      ;
+------+-------+----------+----------------------------------------------------------------------------------------------------------------------------------------------+
; sh   ; Input ; Warning  ; Declared by entity but not connected by instance. If a default value exists, it will be used.  Otherwise, the port will be connected to GND. ;
+------+-------+----------+----------------------------------------------------------------------------------------------------------------------------------------------+


+-------------------------------------------------------------------------------------------------------------------------------------------------------------------------------------------+
; Port Connectivity Checks: "acc:ACC"                                                                                                                                                       ;
+---------------+--------+----------+-------------------------------------------------------------------------------------------------------------------------------------------------------+
; Port          ; Type   ; Severity ; Details                                                                                                                                               ;
+---------------+--------+----------+-------------------------------------------------------------------------------------------------------------------------------------------------------+
; multiplicador ; Input  ; Warning  ; Input port expression (1 bits) is smaller than the input port (4 bits) it drives.  Extra input bit(s) "multiplicador[3..1]" will be connected to GND. ;
; adder         ; Input  ; Warning  ; Input port expression (1 bits) is smaller than the input port (5 bits) it drives.  Extra input bit(s) "adder[4..1]" will be connected to GND.         ;
; final         ; Output ; Info     ; Connected to dangling logic. Logic that only feeds a dangling port will be removed.                                                                   ;
+---------------+--------+----------+-------------------------------------------------------------------------------------------------------------------------------------------------------+


+-----------------------------------------------------+
; Post-Synthesis Netlist Statistics for Top Partition ;
+-----------------------+-----------------------------+
; Type                  ; Count                       ;
+-----------------------+-----------------------------+
; boundary_port         ; 68                          ;
; cycloneiii_lcell_comb ; 1                           ;
;     normal            ; 1                           ;
;         0 data inputs ; 1                           ;
;                       ;                             ;
; Max LUT depth         ; 0.00                        ;
; Average LUT depth     ; 0.00                        ;
+-----------------------+-----------------------------+


+-------------------------------+
; Elapsed Time Per Partition    ;
+----------------+--------------+
; Partition Name ; Elapsed Time ;
+----------------+--------------+
; Top            ; 00:00:00     ;
+----------------+--------------+


+-------------------------------+
; Analysis & Synthesis Messages ;
+-------------------------------+
Info: *******************************************************************
Info: Running Quartus Prime Analysis & Synthesis
    Info: Version 18.1.0 Build 625 09/12/2018 SJ Lite Edition
    Info: Processing started: Tue Nov 26 00:44:40 2019
Info: Command: quartus_map --read_settings_files=on --write_settings_files=off multiplicador -c multiplicador
Warning (18236): Number of processors has not been specified which may cause overloading on shared machines.  Set the global assignment NUM_PARALLEL_PROCESSORS in your QSF to an appropriate value for best performance.
Info (20030): Parallel compilation is enabled and will use 6 of the 6 processors detected
Info (12021): Found 1 design units, including 1 entities, in source file counter/counter.v
    Info (12023): Found entity 1: counter File: C:/Users/Rodrigo Coelho/Desktop/unifei/ELTD15/MIPS/MIPS_CPU/Multiplicador/counter/counter.v Line: 1
Warning (10463): Verilog HDL Declaration warning at controller.v(6): "final" is SystemVerilog-2005 keyword File: C:/Users/Rodrigo Coelho/Desktop/unifei/ELTD15/MIPS/MIPS_CPU/Multiplicador/controller/controller.v Line: 6
Info (12021): Found 1 design units, including 1 entities, in source file controller/controller.v
    Info (12023): Found entity 1: controller File: C:/Users/Rodrigo Coelho/Desktop/unifei/ELTD15/MIPS/MIPS_CPU/Multiplicador/controller/controller.v Line: 1
Warning (10463): Verilog HDL Declaration warning at acc.v(6): "final" is SystemVerilog-2005 keyword File: C:/Users/Rodrigo Coelho/Desktop/unifei/ELTD15/MIPS/MIPS_CPU/Multiplicador/acc/acc.v Line: 6
Info (12021): Found 1 design units, including 1 entities, in source file acc/acc.v
    Info (12023): Found entity 1: acc File: C:/Users/Rodrigo Coelho/Desktop/unifei/ELTD15/MIPS/MIPS_CPU/Multiplicador/acc/acc.v Line: 1
Info (12021): Found 1 design units, including 1 entities, in source file 4_bit_adder/adder.v
    Info (12023): Found entity 1: adder File: C:/Users/Rodrigo Coelho/Desktop/unifei/ELTD15/MIPS/MIPS_CPU/Multiplicador/4_bit_adder/adder.v Line: 1
Warning (10463): Verilog HDL Declaration warning at multiplicador.v(10): "final" is SystemVerilog-2005 keyword File: C:/Users/Rodrigo Coelho/Desktop/unifei/ELTD15/MIPS/MIPS_CPU/Multiplicador/multiplicador.v Line: 10
Info (12021): Found 1 design units, including 1 entities, in source file multiplicador.v
    Info (12023): Found entity 1: multiplicador File: C:/Users/Rodrigo Coelho/Desktop/unifei/ELTD15/MIPS/MIPS_CPU/Multiplicador/multiplicador.v Line: 1
Info (12021): Found 1 design units, including 1 entities, in source file multiplicador_tb.v
    Info (12023): Found entity 1: multiplicador_TB File: C:/Users/Rodrigo Coelho/Desktop/unifei/ELTD15/MIPS/MIPS_CPU/Multiplicador/multiplicador_TB.v Line: 3
Warning (10236): Verilog HDL Implicit Net warning at multiplicador.v(14): created implicit net for "adder" File: C:/Users/Rodrigo Coelho/Desktop/unifei/ELTD15/MIPS/MIPS_CPU/Multiplicador/multiplicador.v Line: 14
Warning (10236): Verilog HDL Implicit Net warning at multiplicador.v(47): created implicit net for "soma" File: C:/Users/Rodrigo Coelho/Desktop/unifei/ELTD15/MIPS/MIPS_CPU/Multiplicador/multiplicador.v Line: 47
Warning (10236): Verilog HDL Implicit Net warning at multiplicador.v(50): created implicit net for "saida" File: C:/Users/Rodrigo Coelho/Desktop/unifei/ELTD15/MIPS/MIPS_CPU/Multiplicador/multiplicador.v Line: 50
Info (12127): Elaborating entity "multiplicador" for the top level hierarchy
Warning (10036): Verilog HDL or VHDL warning at multiplicador.v(50): object "saida" assigned a value but never read File: C:/Users/Rodrigo Coelho/Desktop/unifei/ELTD15/MIPS/MIPS_CPU/Multiplicador/multiplicador.v Line: 50
Warning (10230): Verilog HDL assignment warning at multiplicador.v(50): truncated value with size 32 to match size of target (1) File: C:/Users/Rodrigo Coelho/Desktop/unifei/ELTD15/MIPS/MIPS_CPU/Multiplicador/multiplicador.v Line: 50
Warning (10034): Output port "idle" at multiplicador.v(6) has no driver File: C:/Users/Rodrigo Coelho/Desktop/unifei/ELTD15/MIPS/MIPS_CPU/Multiplicador/multiplicador.v Line: 6
Info (12128): Elaborating entity "acc" for hierarchy "acc:ACC" File: C:/Users/Rodrigo Coelho/Desktop/unifei/ELTD15/MIPS/MIPS_CPU/Multiplicador/multiplicador.v Line: 20
Warning (10230): Verilog HDL assignment warning at acc.v(13): truncated value with size 5 to match size of target (4) File: C:/Users/Rodrigo Coelho/Desktop/unifei/ELTD15/MIPS/MIPS_CPU/Multiplicador/acc/acc.v Line: 13
Info (12128): Elaborating entity "counter" for hierarchy "counter:COUNTER" File: C:/Users/Rodrigo Coelho/Desktop/unifei/ELTD15/MIPS/MIPS_CPU/Multiplicador/multiplicador.v Line: 26
Warning (10230): Verilog HDL assignment warning at counter.v(15): truncated value with size 32 to match size of target (5) File: C:/Users/Rodrigo Coelho/Desktop/unifei/ELTD15/MIPS/MIPS_CPU/Multiplicador/counter/counter.v Line: 15
Info (12128): Elaborating entity "controller" for hierarchy "controller:CONTROL" File: C:/Users/Rodrigo Coelho/Desktop/unifei/ELTD15/MIPS/MIPS_CPU/Multiplicador/multiplicador.v Line: 42
Warning (10036): Verilog HDL or VHDL warning at controller.v(8): object "b" assigned a value but never read File: C:/Users/Rodrigo Coelho/Desktop/unifei/ELTD15/MIPS/MIPS_CPU/Multiplicador/controller/controller.v Line: 8
Warning (10036): Verilog HDL or VHDL warning at controller.v(9): object "a" assigned a value but never read File: C:/Users/Rodrigo Coelho/Desktop/unifei/ELTD15/MIPS/MIPS_CPU/Multiplicador/controller/controller.v Line: 9
Info (12128): Elaborating entity "adder" for hierarchy "adder:ADDER" File: C:/Users/Rodrigo Coelho/Desktop/unifei/ELTD15/MIPS/MIPS_CPU/Multiplicador/multiplicador.v Line: 48
Warning (12241): 4 hierarchies have connectivity warnings - see the Connectivity Checks report folder
Warning (13024): Output pins are stuck at VCC or GND
    Warning (13410): Pin "produto[0]" is stuck at GND File: C:/Users/Rodrigo Coelho/Desktop/unifei/ELTD15/MIPS/MIPS_CPU/Multiplicador/multiplicador.v Line: 5
    Warning (13410): Pin "produto[1]" is stuck at GND File: C:/Users/Rodrigo Coelho/Desktop/unifei/ELTD15/MIPS/MIPS_CPU/Multiplicador/multiplicador.v Line: 5
    Warning (13410): Pin "produto[2]" is stuck at GND File: C:/Users/Rodrigo Coelho/Desktop/unifei/ELTD15/MIPS/MIPS_CPU/Multiplicador/multiplicador.v Line: 5
    Warning (13410): Pin "produto[3]" is stuck at GND File: C:/Users/Rodrigo Coelho/Desktop/unifei/ELTD15/MIPS/MIPS_CPU/Multiplicador/multiplicador.v Line: 5
    Warning (13410): Pin "produto[4]" is stuck at GND File: C:/Users/Rodrigo Coelho/Desktop/unifei/ELTD15/MIPS/MIPS_CPU/Multiplicador/multiplicador.v Line: 5
    Warning (13410): Pin "produto[5]" is stuck at GND File: C:/Users/Rodrigo Coelho/Desktop/unifei/ELTD15/MIPS/MIPS_CPU/Multiplicador/multiplicador.v Line: 5
    Warning (13410): Pin "produto[6]" is stuck at GND File: C:/Users/Rodrigo Coelho/Desktop/unifei/ELTD15/MIPS/MIPS_CPU/Multiplicador/multiplicador.v Line: 5
    Warning (13410): Pin "produto[7]" is stuck at GND File: C:/Users/Rodrigo Coelho/Desktop/unifei/ELTD15/MIPS/MIPS_CPU/Multiplicador/multiplicador.v Line: 5
    Warning (13410): Pin "produto[8]" is stuck at GND File: C:/Users/Rodrigo Coelho/Desktop/unifei/ELTD15/MIPS/MIPS_CPU/Multiplicador/multiplicador.v Line: 5
    Warning (13410): Pin "produto[9]" is stuck at GND File: C:/Users/Rodrigo Coelho/Desktop/unifei/ELTD15/MIPS/MIPS_CPU/Multiplicador/multiplicador.v Line: 5
    Warning (13410): Pin "produto[10]" is stuck at GND File: C:/Users/Rodrigo Coelho/Desktop/unifei/ELTD15/MIPS/MIPS_CPU/Multiplicador/multiplicador.v Line: 5
    Warning (13410): Pin "produto[11]" is stuck at GND File: C:/Users/Rodrigo Coelho/Desktop/unifei/ELTD15/MIPS/MIPS_CPU/Multiplicador/multiplicador.v Line: 5
    Warning (13410): Pin "produto[12]" is stuck at GND File: C:/Users/Rodrigo Coelho/Desktop/unifei/ELTD15/MIPS/MIPS_CPU/Multiplicador/multiplicador.v Line: 5
    Warning (13410): Pin "produto[13]" is stuck at GND File: C:/Users/Rodrigo Coelho/Desktop/unifei/ELTD15/MIPS/MIPS_CPU/Multiplicador/multiplicador.v Line: 5
    Warning (13410): Pin "produto[14]" is stuck at GND File: C:/Users/Rodrigo Coelho/Desktop/unifei/ELTD15/MIPS/MIPS_CPU/Multiplicador/multiplicador.v Line: 5
    Warning (13410): Pin "produto[15]" is stuck at GND File: C:/Users/Rodrigo Coelho/Desktop/unifei/ELTD15/MIPS/MIPS_CPU/Multiplicador/multiplicador.v Line: 5
    Warning (13410): Pin "produto[16]" is stuck at GND File: C:/Users/Rodrigo Coelho/Desktop/unifei/ELTD15/MIPS/MIPS_CPU/Multiplicador/multiplicador.v Line: 5
    Warning (13410): Pin "produto[17]" is stuck at GND File: C:/Users/Rodrigo Coelho/Desktop/unifei/ELTD15/MIPS/MIPS_CPU/Multiplicador/multiplicador.v Line: 5
    Warning (13410): Pin "produto[18]" is stuck at GND File: C:/Users/Rodrigo Coelho/Desktop/unifei/ELTD15/MIPS/MIPS_CPU/Multiplicador/multiplicador.v Line: 5
    Warning (13410): Pin "produto[19]" is stuck at GND File: C:/Users/Rodrigo Coelho/Desktop/unifei/ELTD15/MIPS/MIPS_CPU/Multiplicador/multiplicador.v Line: 5
    Warning (13410): Pin "produto[20]" is stuck at GND File: C:/Users/Rodrigo Coelho/Desktop/unifei/ELTD15/MIPS/MIPS_CPU/Multiplicador/multiplicador.v Line: 5
    Warning (13410): Pin "produto[21]" is stuck at GND File: C:/Users/Rodrigo Coelho/Desktop/unifei/ELTD15/MIPS/MIPS_CPU/Multiplicador/multiplicador.v Line: 5
    Warning (13410): Pin "produto[22]" is stuck at GND File: C:/Users/Rodrigo Coelho/Desktop/unifei/ELTD15/MIPS/MIPS_CPU/Multiplicador/multiplicador.v Line: 5
    Warning (13410): Pin "produto[23]" is stuck at GND File: C:/Users/Rodrigo Coelho/Desktop/unifei/ELTD15/MIPS/MIPS_CPU/Multiplicador/multiplicador.v Line: 5
    Warning (13410): Pin "produto[24]" is stuck at GND File: C:/Users/Rodrigo Coelho/Desktop/unifei/ELTD15/MIPS/MIPS_CPU/Multiplicador/multiplicador.v Line: 5
    Warning (13410): Pin "produto[25]" is stuck at GND File: C:/Users/Rodrigo Coelho/Desktop/unifei/ELTD15/MIPS/MIPS_CPU/Multiplicador/multiplicador.v Line: 5
    Warning (13410): Pin "produto[26]" is stuck at GND File: C:/Users/Rodrigo Coelho/Desktop/unifei/ELTD15/MIPS/MIPS_CPU/Multiplicador/multiplicador.v Line: 5
    Warning (13410): Pin "produto[27]" is stuck at GND File: C:/Users/Rodrigo Coelho/Desktop/unifei/ELTD15/MIPS/MIPS_CPU/Multiplicador/multiplicador.v Line: 5
    Warning (13410): Pin "produto[28]" is stuck at GND File: C:/Users/Rodrigo Coelho/Desktop/unifei/ELTD15/MIPS/MIPS_CPU/Multiplicador/multiplicador.v Line: 5
    Warning (13410): Pin "produto[29]" is stuck at GND File: C:/Users/Rodrigo Coelho/Desktop/unifei/ELTD15/MIPS/MIPS_CPU/Multiplicador/multiplicador.v Line: 5
    Warning (13410): Pin "produto[30]" is stuck at GND File: C:/Users/Rodrigo Coelho/Desktop/unifei/ELTD15/MIPS/MIPS_CPU/Multiplicador/multiplicador.v Line: 5
    Warning (13410): Pin "produto[31]" is stuck at GND File: C:/Users/Rodrigo Coelho/Desktop/unifei/ELTD15/MIPS/MIPS_CPU/Multiplicador/multiplicador.v Line: 5
    Warning (13410): Pin "idle" is stuck at GND File: C:/Users/Rodrigo Coelho/Desktop/unifei/ELTD15/MIPS/MIPS_CPU/Multiplicador/multiplicador.v Line: 6
    Warning (13410): Pin "done" is stuck at GND File: C:/Users/Rodrigo Coelho/Desktop/unifei/ELTD15/MIPS/MIPS_CPU/Multiplicador/multiplicador.v Line: 7
Info (17049): 4 registers lost all their fanouts during netlist optimizations.
Info (16010): Generating hard_block partition "hard_block:auto_generated_inst"
    Info (16011): Adding 0 node(s), including 0 DDIO, 0 PLL, 0 transceiver and 0 LCELL
Warning (21074): Design contains 34 input pin(s) that do not drive logic
    Warning (15610): No output dependent on input pin "multiplicando[0]" File: C:/Users/Rodrigo Coelho/Desktop/unifei/ELTD15/MIPS/MIPS_CPU/Multiplicador/multiplicador.v Line: 2
    Warning (15610): No output dependent on input pin "multiplicando[1]" File: C:/Users/Rodrigo Coelho/Desktop/unifei/ELTD15/MIPS/MIPS_CPU/Multiplicador/multiplicador.v Line: 2
    Warning (15610): No output dependent on input pin "multiplicando[2]" File: C:/Users/Rodrigo Coelho/Desktop/unifei/ELTD15/MIPS/MIPS_CPU/Multiplicador/multiplicador.v Line: 2
    Warning (15610): No output dependent on input pin "multiplicando[3]" File: C:/Users/Rodrigo Coelho/Desktop/unifei/ELTD15/MIPS/MIPS_CPU/Multiplicador/multiplicador.v Line: 2
    Warning (15610): No output dependent on input pin "multiplicando[4]" File: C:/Users/Rodrigo Coelho/Desktop/unifei/ELTD15/MIPS/MIPS_CPU/Multiplicador/multiplicador.v Line: 2
    Warning (15610): No output dependent on input pin "multiplicando[5]" File: C:/Users/Rodrigo Coelho/Desktop/unifei/ELTD15/MIPS/MIPS_CPU/Multiplicador/multiplicador.v Line: 2
    Warning (15610): No output dependent on input pin "multiplicando[6]" File: C:/Users/Rodrigo Coelho/Desktop/unifei/ELTD15/MIPS/MIPS_CPU/Multiplicador/multiplicador.v Line: 2
    Warning (15610): No output dependent on input pin "multiplicando[7]" File: C:/Users/Rodrigo Coelho/Desktop/unifei/ELTD15/MIPS/MIPS_CPU/Multiplicador/multiplicador.v Line: 2
    Warning (15610): No output dependent on input pin "multiplicando[8]" File: C:/Users/Rodrigo Coelho/Desktop/unifei/ELTD15/MIPS/MIPS_CPU/Multiplicador/multiplicador.v Line: 2
    Warning (15610): No output dependent on input pin "multiplicando[9]" File: C:/Users/Rodrigo Coelho/Desktop/unifei/ELTD15/MIPS/MIPS_CPU/Multiplicador/multiplicador.v Line: 2
    Warning (15610): No output dependent on input pin "multiplicando[10]" File: C:/Users/Rodrigo Coelho/Desktop/unifei/ELTD15/MIPS/MIPS_CPU/Multiplicador/multiplicador.v Line: 2
    Warning (15610): No output dependent on input pin "multiplicando[11]" File: C:/Users/Rodrigo Coelho/Desktop/unifei/ELTD15/MIPS/MIPS_CPU/Multiplicador/multiplicador.v Line: 2
    Warning (15610): No output dependent on input pin "multiplicando[12]" File: C:/Users/Rodrigo Coelho/Desktop/unifei/ELTD15/MIPS/MIPS_CPU/Multiplicador/multiplicador.v Line: 2
    Warning (15610): No output dependent on input pin "multiplicando[13]" File: C:/Users/Rodrigo Coelho/Desktop/unifei/ELTD15/MIPS/MIPS_CPU/Multiplicador/multiplicador.v Line: 2
    Warning (15610): No output dependent on input pin "multiplicando[14]" File: C:/Users/Rodrigo Coelho/Desktop/unifei/ELTD15/MIPS/MIPS_CPU/Multiplicador/multiplicador.v Line: 2
    Warning (15610): No output dependent on input pin "multiplicando[15]" File: C:/Users/Rodrigo Coelho/Desktop/unifei/ELTD15/MIPS/MIPS_CPU/Multiplicador/multiplicador.v Line: 2
    Warning (15610): No output dependent on input pin "multiplicador[0]" File: C:/Users/Rodrigo Coelho/Desktop/unifei/ELTD15/MIPS/MIPS_CPU/Multiplicador/multiplicador.v Line: 3
    Warning (15610): No output dependent on input pin "multiplicador[1]" File: C:/Users/Rodrigo Coelho/Desktop/unifei/ELTD15/MIPS/MIPS_CPU/Multiplicador/multiplicador.v Line: 3
    Warning (15610): No output dependent on input pin "multiplicador[2]" File: C:/Users/Rodrigo Coelho/Desktop/unifei/ELTD15/MIPS/MIPS_CPU/Multiplicador/multiplicador.v Line: 3
    Warning (15610): No output dependent on input pin "multiplicador[3]" File: C:/Users/Rodrigo Coelho/Desktop/unifei/ELTD15/MIPS/MIPS_CPU/Multiplicador/multiplicador.v Line: 3
    Warning (15610): No output dependent on input pin "multiplicador[4]" File: C:/Users/Rodrigo Coelho/Desktop/unifei/ELTD15/MIPS/MIPS_CPU/Multiplicador/multiplicador.v Line: 3
    Warning (15610): No output dependent on input pin "multiplicador[5]" File: C:/Users/Rodrigo Coelho/Desktop/unifei/ELTD15/MIPS/MIPS_CPU/Multiplicador/multiplicador.v Line: 3
    Warning (15610): No output dependent on input pin "multiplicador[6]" File: C:/Users/Rodrigo Coelho/Desktop/unifei/ELTD15/MIPS/MIPS_CPU/Multiplicador/multiplicador.v Line: 3
    Warning (15610): No output dependent on input pin "multiplicador[7]" File: C:/Users/Rodrigo Coelho/Desktop/unifei/ELTD15/MIPS/MIPS_CPU/Multiplicador/multiplicador.v Line: 3
    Warning (15610): No output dependent on input pin "multiplicador[8]" File: C:/Users/Rodrigo Coelho/Desktop/unifei/ELTD15/MIPS/MIPS_CPU/Multiplicador/multiplicador.v Line: 3
    Warning (15610): No output dependent on input pin "multiplicador[9]" File: C:/Users/Rodrigo Coelho/Desktop/unifei/ELTD15/MIPS/MIPS_CPU/Multiplicador/multiplicador.v Line: 3
    Warning (15610): No output dependent on input pin "multiplicador[10]" File: C:/Users/Rodrigo Coelho/Desktop/unifei/ELTD15/MIPS/MIPS_CPU/Multiplicador/multiplicador.v Line: 3
    Warning (15610): No output dependent on input pin "multiplicador[11]" File: C:/Users/Rodrigo Coelho/Desktop/unifei/ELTD15/MIPS/MIPS_CPU/Multiplicador/multiplicador.v Line: 3
    Warning (15610): No output dependent on input pin "multiplicador[12]" File: C:/Users/Rodrigo Coelho/Desktop/unifei/ELTD15/MIPS/MIPS_CPU/Multiplicador/multiplicador.v Line: 3
    Warning (15610): No output dependent on input pin "multiplicador[13]" File: C:/Users/Rodrigo Coelho/Desktop/unifei/ELTD15/MIPS/MIPS_CPU/Multiplicador/multiplicador.v Line: 3
    Warning (15610): No output dependent on input pin "multiplicador[14]" File: C:/Users/Rodrigo Coelho/Desktop/unifei/ELTD15/MIPS/MIPS_CPU/Multiplicador/multiplicador.v Line: 3
    Warning (15610): No output dependent on input pin "multiplicador[15]" File: C:/Users/Rodrigo Coelho/Desktop/unifei/ELTD15/MIPS/MIPS_CPU/Multiplicador/multiplicador.v Line: 3
    Warning (15610): No output dependent on input pin "start" File: C:/Users/Rodrigo Coelho/Desktop/unifei/ELTD15/MIPS/MIPS_CPU/Multiplicador/multiplicador.v Line: 4
    Warning (15610): No output dependent on input pin "clk" File: C:/Users/Rodrigo Coelho/Desktop/unifei/ELTD15/MIPS/MIPS_CPU/Multiplicador/multiplicador.v Line: 4
Info (21057): Implemented 68 device resources after synthesis - the final resource count might be different
    Info (21058): Implemented 34 input pins
    Info (21059): Implemented 34 output pins
Info: Quartus Prime Analysis & Synthesis was successful. 0 errors, 85 warnings
    Info: Peak virtual memory: 4815 megabytes
    Info: Processing ended: Tue Nov 26 00:44:48 2019
    Info: Elapsed time: 00:00:08
    Info: Total CPU time (on all processors): 00:00:17


