Analysis & Synthesis report for cpu
Tue Nov 26 13:12:38 2019
Quartus Prime Version 18.1.0 Build 625 09/12/2018 SJ Lite Edition


---------------------
; Table of Contents ;
---------------------
  1. Legal Notice
  2. Analysis & Synthesis Summary
  3. Analysis & Synthesis Settings
  4. Parallel Compilation
  5. Analysis & Synthesis Messages



----------------
; Legal Notice ;
----------------
Copyright (C) 2018  Intel Corporation. All rights reserved.
Your use of Intel Corporation's design tools, logic functions 
and other software and tools, and its AMPP partner logic 
functions, and any output files from any of the foregoing 
(including device programming or simulation files), and any 
associated documentation or information are expressly subject 
to the terms and conditions of the Intel Program License 
Subscription Agreement, the Intel Quartus Prime License Agreement,
the Intel FPGA IP License Agreement, or other applicable license
agreement, including, without limitation, that your use is for
the sole purpose of programming logic devices manufactured by
Intel and sold by Intel or its authorized distributors.  Please
refer to the applicable agreement for further details.



+----------------------------------------------------------------------------------+
; Analysis & Synthesis Summary                                                     ;
+------------------------------------+---------------------------------------------+
; Analysis & Synthesis Status        ; Failed - Tue Nov 26 13:12:38 2019           ;
; Quartus Prime Version              ; 18.1.0 Build 625 09/12/2018 SJ Lite Edition ;
; Revision Name                      ; cpu                                         ;
; Top-level Entity Name              ; cpu                                         ;
; Family                             ; Cyclone IV GX                               ;
; Total logic elements               ; N/A until Partition Merge                   ;
;     Total combinational functions  ; N/A until Partition Merge                   ;
;     Dedicated logic registers      ; N/A until Partition Merge                   ;
; Total registers                    ; N/A until Partition Merge                   ;
; Total pins                         ; N/A until Partition Merge                   ;
; Total virtual pins                 ; N/A until Partition Merge                   ;
; Total memory bits                  ; N/A until Partition Merge                   ;
; Embedded Multiplier 9-bit elements ; N/A until Partition Merge                   ;
; Total GXB Receiver Channel PCS     ; N/A until Partition Merge                   ;
; Total GXB Receiver Channel PMA     ; N/A until Partition Merge                   ;
; Total GXB Transmitter Channel PCS  ; N/A until Partition Merge                   ;
; Total GXB Transmitter Channel PMA  ; N/A until Partition Merge                   ;
; Total PLLs                         ; N/A until Partition Merge                   ;
+------------------------------------+---------------------------------------------+


+------------------------------------------------------------------------------------------------------------+
; Analysis & Synthesis Settings                                                                              ;
+------------------------------------------------------------------+--------------------+--------------------+
; Option                                                           ; Setting            ; Default Value      ;
+------------------------------------------------------------------+--------------------+--------------------+
; Device                                                           ; EP4CGX150DF31I7AD  ;                    ;
; Top-level entity name                                            ; cpu                ; cpu                ;
; Family name                                                      ; Cyclone IV GX      ; Cyclone V          ;
; Use smart compilation                                            ; Off                ; Off                ;
; Enable parallel Assembler and Timing Analyzer during compilation ; On                 ; On                 ;
; Enable compact report table                                      ; Off                ; Off                ;
; Restructure Multiplexers                                         ; Auto               ; Auto               ;
; Create Debugging Nodes for IP Cores                              ; Off                ; Off                ;
; Preserve fewer node names                                        ; On                 ; On                 ;
; Intel FPGA IP Evaluation Mode                                    ; Enable             ; Enable             ;
; Verilog Version                                                  ; Verilog_2001       ; Verilog_2001       ;
; VHDL Version                                                     ; VHDL_1993          ; VHDL_1993          ;
; State Machine Processing                                         ; Auto               ; Auto               ;
; Safe State Machine                                               ; Off                ; Off                ;
; Extract Verilog State Machines                                   ; On                 ; On                 ;
; Extract VHDL State Machines                                      ; On                 ; On                 ;
; Ignore Verilog initial constructs                                ; Off                ; Off                ;
; Iteration limit for constant Verilog loops                       ; 5000               ; 5000               ;
; Iteration limit for non-constant Verilog loops                   ; 250                ; 250                ;
; Add Pass-Through Logic to Inferred RAMs                          ; On                 ; On                 ;
; Infer RAMs from Raw Logic                                        ; On                 ; On                 ;
; Parallel Synthesis                                               ; On                 ; On                 ;
; DSP Block Balancing                                              ; Auto               ; Auto               ;
; NOT Gate Push-Back                                               ; On                 ; On                 ;
; Power-Up Don't Care                                              ; On                 ; On                 ;
; Remove Redundant Logic Cells                                     ; Off                ; Off                ;
; Remove Duplicate Registers                                       ; On                 ; On                 ;
; Ignore CARRY Buffers                                             ; Off                ; Off                ;
; Ignore CASCADE Buffers                                           ; Off                ; Off                ;
; Ignore GLOBAL Buffers                                            ; Off                ; Off                ;
; Ignore ROW GLOBAL Buffers                                        ; Off                ; Off                ;
; Ignore LCELL Buffers                                             ; Off                ; Off                ;
; Ignore SOFT Buffers                                              ; On                 ; On                 ;
; Limit AHDL Integers to 32 Bits                                   ; Off                ; Off                ;
; Optimization Technique                                           ; Balanced           ; Balanced           ;
; Carry Chain Length                                               ; 70                 ; 70                 ;
; Auto Carry Chains                                                ; On                 ; On                 ;
; Auto Open-Drain Pins                                             ; On                 ; On                 ;
; Perform WYSIWYG Primitive Resynthesis                            ; Off                ; Off                ;
; Auto ROM Replacement                                             ; On                 ; On                 ;
; Auto RAM Replacement                                             ; On                 ; On                 ;
; Auto DSP Block Replacement                                       ; On                 ; On                 ;
; Auto Shift Register Replacement                                  ; Auto               ; Auto               ;
; Allow Shift Register Merging across Hierarchies                  ; Auto               ; Auto               ;
; Auto Clock Enable Replacement                                    ; On                 ; On                 ;
; Strict RAM Replacement                                           ; Off                ; Off                ;
; Allow Synchronous Control Signals                                ; On                 ; On                 ;
; Force Use of Synchronous Clear Signals                           ; Off                ; Off                ;
; Auto RAM Block Balancing                                         ; On                 ; On                 ;
; Auto RAM to Logic Cell Conversion                                ; Off                ; Off                ;
; Auto Resource Sharing                                            ; Off                ; Off                ;
; Allow Any RAM Size For Recognition                               ; Off                ; Off                ;
; Allow Any ROM Size For Recognition                               ; Off                ; Off                ;
; Allow Any Shift Register Size For Recognition                    ; Off                ; Off                ;
; Use LogicLock Constraints during Resource Balancing              ; On                 ; On                 ;
; Ignore translate_off and synthesis_off directives                ; Off                ; Off                ;
; Timing-Driven Synthesis                                          ; On                 ; On                 ;
; Report Parameter Settings                                        ; On                 ; On                 ;
; Report Source Assignments                                        ; On                 ; On                 ;
; Report Connectivity Checks                                       ; On                 ; On                 ;
; Ignore Maximum Fan-Out Assignments                               ; Off                ; Off                ;
; Synchronization Register Chain Length                            ; 2                  ; 2                  ;
; Power Optimization During Synthesis                              ; Normal compilation ; Normal compilation ;
; HDL message level                                                ; Level2             ; Level2             ;
; Suppress Register Optimization Related Messages                  ; Off                ; Off                ;
; Number of Removed Registers Reported in Synthesis Report         ; 5000               ; 5000               ;
; Number of Swept Nodes Reported in Synthesis Report               ; 5000               ; 5000               ;
; Number of Inverted Registers Reported in Synthesis Report        ; 100                ; 100                ;
; Clock MUX Protection                                             ; On                 ; On                 ;
; Auto Gated Clock Conversion                                      ; Off                ; Off                ;
; Block Design Naming                                              ; Auto               ; Auto               ;
; SDC constraint protection                                        ; Off                ; Off                ;
; Synthesis Effort                                                 ; Auto               ; Auto               ;
; Shift Register Replacement - Allow Asynchronous Clear Signal     ; On                 ; On                 ;
; Pre-Mapping Resynthesis Optimization                             ; Off                ; Off                ;
; Analysis & Synthesis Message Level                               ; Medium             ; Medium             ;
; Disable Register Merging Across Hierarchies                      ; Auto               ; Auto               ;
; Resource Aware Inference For Block RAM                           ; On                 ; On                 ;
+------------------------------------------------------------------+--------------------+--------------------+


+------------------------------------------+
; Parallel Compilation                     ;
+----------------------------+-------------+
; Processors                 ; Number      ;
+----------------------------+-------------+
; Number detected on machine ; 12          ;
; Maximum allowed            ; 6           ;
;                            ;             ;
; Average used               ; 1.00        ;
; Maximum used               ; 1           ;
;                            ;             ;
; Usage by Processor         ; % Time Used ;
;     Processor 1            ; 100.0%      ;
+----------------------------+-------------+


+-------------------------------+
; Analysis & Synthesis Messages ;
+-------------------------------+
Info: *******************************************************************
Info: Running Quartus Prime Analysis & Synthesis
    Info: Version 18.1.0 Build 625 09/12/2018 SJ Lite Edition
    Info: Processing started: Tue Nov 26 13:12:30 2019
Info: Command: quartus_map --read_settings_files=on --write_settings_files=off cpu -c cpu
Warning (18236): Number of processors has not been specified which may cause overloading on shared machines.  Set the global assignment NUM_PARALLEL_PROCESSORS in your QSF to an appropriate value for best performance.
Info (20030): Parallel compilation is enabled and will use 6 of the 6 processors detected
Info (12021): Found 1 design units, including 1 entities, in source file writeback.v
    Info (12023): Found entity 1: WriteBack File: C:/Users/Rodrigo Coelho/Desktop/unifei/ELTD15/MIPS/MIPS_CPU/WriteBack.v Line: 1
Info (12021): Found 1 design units, including 1 entities, in source file memory.v
    Info (12023): Found entity 1: Memory File: C:/Users/Rodrigo Coelho/Desktop/unifei/ELTD15/MIPS/MIPS_CPU/Memory.v Line: 1
Info (12021): Found 1 design units, including 1 entities, in source file instfetch.v
    Info (12023): Found entity 1: InstFetch File: C:/Users/Rodrigo Coelho/Desktop/unifei/ELTD15/MIPS/MIPS_CPU/InstFetch.v Line: 1
Info (12021): Found 1 design units, including 1 entities, in source file instdec.v
    Info (12023): Found entity 1: InstDec File: C:/Users/Rodrigo Coelho/Desktop/unifei/ELTD15/MIPS/MIPS_CPU/InstDec.v Line: 1
Info (12021): Found 1 design units, including 1 entities, in source file execute.v
    Info (12023): Found entity 1: Execute File: C:/Users/Rodrigo Coelho/Desktop/unifei/ELTD15/MIPS/MIPS_CPU/Execute.v Line: 1
Info (12021): Found 1 design units, including 1 entities, in source file cpu.v
    Info (12023): Found entity 1: cpu File: C:/Users/Rodrigo Coelho/Desktop/unifei/ELTD15/MIPS/MIPS_CPU/cpu.v Line: 1
Warning (10236): Verilog HDL Implicit Net warning at cpu.v(35): created implicit net for "clkmulti" File: C:/Users/Rodrigo Coelho/Desktop/unifei/ELTD15/MIPS/MIPS_CPU/cpu.v Line: 35
Info (12127): Elaborating entity "cpu" for the top level hierarchy
Info (12128): Elaborating entity "InstFetch" for hierarchy "InstFetch:IF" File: C:/Users/Rodrigo Coelho/Desktop/unifei/ELTD15/MIPS/MIPS_CPU/cpu.v Line: 9
Info (12128): Elaborating entity "InstDec" for hierarchy "InstDec:ID" File: C:/Users/Rodrigo Coelho/Desktop/unifei/ELTD15/MIPS/MIPS_CPU/cpu.v Line: 22
Info (12128): Elaborating entity "Execute" for hierarchy "Execute:EX" File: C:/Users/Rodrigo Coelho/Desktop/unifei/ELTD15/MIPS/MIPS_CPU/cpu.v Line: 40
Warning (10034): Output port "CTRL_EX" at Execute.v(5) has no driver File: C:/Users/Rodrigo Coelho/Desktop/unifei/ELTD15/MIPS/MIPS_CPU/Execute.v Line: 5
Info (12128): Elaborating entity "mux" for hierarchy "Execute:EX|mux:mux_RD" File: C:/Users/Rodrigo Coelho/Desktop/unifei/ELTD15/MIPS/MIPS_CPU/Execute.v Line: 43
Error (287076): Can't find an inherited or default value for parameter "WIDTH" -- specify a parameter value File: c:/intelfpga_lite/18.1/quartus/libraries/megafunctions/mux.tdf Line: 32
Error (287072): Symbolic name "WIDTH" is used but not defined File: c:/intelfpga_lite/18.1/quartus/libraries/megafunctions/mux.tdf Line: 33
Error (287037): Argument for LOG2 cannot be negative number or zero File: c:/intelfpga_lite/18.1/quartus/libraries/megafunctions/mux.tdf Line: 33
Error (287087): Group range of arithmetic expression contains negative number -1, but numbers in group ranges cannot be negative File: c:/intelfpga_lite/18.1/quartus/libraries/megafunctions/mux.tdf Line: 38
Error (287087): Group range of arithmetic expression contains negative number -1, but numbers in group ranges cannot be negative File: c:/intelfpga_lite/18.1/quartus/libraries/megafunctions/mux.tdf Line: 39
Error (12152): Can't elaborate user hierarchy "Execute:EX|mux:mux_RD" File: C:/Users/Rodrigo Coelho/Desktop/unifei/ELTD15/MIPS/MIPS_CPU/Execute.v Line: 43
Error: Quartus Prime Analysis & Synthesis was unsuccessful. 6 errors, 3 warnings
    Error: Peak virtual memory: 4788 megabytes
    Error: Processing ended: Tue Nov 26 13:12:38 2019
    Error: Elapsed time: 00:00:08
    Error: Total CPU time (on all processors): 00:00:16


