Analysis & Synthesis report for extend
Sat Nov 23 15:48:17 2019
Quartus Prime Version 17.0.0 Build 595 04/25/2017 SJ Lite Edition


---------------------
; Table of Contents ;
---------------------
  1. Legal Notice
  2. Analysis & Synthesis Summary
  3. Analysis & Synthesis Settings
  4. Parallel Compilation
  5. Analysis & Synthesis Source Files Read
  6. Analysis & Synthesis Resource Usage Summary
  7. Analysis & Synthesis Resource Utilization by Entity
  8. Registers Removed During Synthesis
  9. General Register Statistics
 10. Post-Synthesis Netlist Statistics for Top Partition
 11. Elapsed Time Per Partition
 12. Analysis & Synthesis Messages



----------------
; Legal Notice ;
----------------
Copyright (C) 2017  Intel Corporation. All rights reserved.
Your use of Intel Corporation's design tools, logic functions 
and other software and tools, and its AMPP partner logic 
functions, and any output files from any of the foregoing 
(including device programming or simulation files), and any 
associated documentation or information are expressly subject 
to the terms and conditions of the Intel Program License 
Subscription Agreement, the Intel Quartus Prime License Agreement,
the Intel MegaCore Function License Agreement, or other 
applicable license agreement, including, without limitation, 
that your use is for the sole purpose of programming logic 
devices manufactured by Intel and sold by Intel or its 
authorized distributors.  Please refer to the applicable 
agreement for further details.



+----------------------------------------------------------------------------------+
; Analysis & Synthesis Summary                                                     ;
+------------------------------------+---------------------------------------------+
; Analysis & Synthesis Status        ; Successful - Sat Nov 23 15:48:17 2019       ;
; Quartus Prime Version              ; 17.0.0 Build 595 04/25/2017 SJ Lite Edition ;
; Revision Name                      ; extend                                      ;
; Top-level Entity Name              ; extend                                      ;
; Family                             ; Cyclone IV GX                               ;
; Total logic elements               ; 17                                          ;
;     Total combinational functions  ; 16                                          ;
;     Dedicated logic registers      ; 17                                          ;
; Total registers                    ; 17                                          ;
; Total pins                         ; 50                                          ;
; Total virtual pins                 ; 0                                           ;
; Total memory bits                  ; 0                                           ;
; Embedded Multiplier 9-bit elements ; 0                                           ;
; Total GXB Receiver Channel PCS     ; 0                                           ;
; Total GXB Receiver Channel PMA     ; 0                                           ;
; Total GXB Transmitter Channel PCS  ; 0                                           ;
; Total GXB Transmitter Channel PMA  ; 0                                           ;
; Total PLLs                         ; 0                                           ;
+------------------------------------+---------------------------------------------+


+----------------------------------------------------------------------------------------------------------------------+
; Analysis & Synthesis Settings                                                                                        ;
+----------------------------------------------------------------------------+--------------------+--------------------+
; Option                                                                     ; Setting            ; Default Value      ;
+----------------------------------------------------------------------------+--------------------+--------------------+
; Device                                                                     ; EP4CGX150DF31I7AD  ;                    ;
; Top-level entity name                                                      ; extend             ; extend             ;
; Family name                                                                ; Cyclone IV GX      ; Cyclone V          ;
; Use smart compilation                                                      ; Off                ; Off                ;
; Enable parallel Assembler and TimeQuest Timing Analyzer during compilation ; On                 ; On                 ;
; Enable compact report table                                                ; Off                ; Off                ;
; Restructure Multiplexers                                                   ; Auto               ; Auto               ;
; Create Debugging Nodes for IP Cores                                        ; Off                ; Off                ;
; Preserve fewer node names                                                  ; On                 ; On                 ;
; OpenCore Plus hardware evaluation                                          ; Enable             ; Enable             ;
; Verilog Version                                                            ; Verilog_2001       ; Verilog_2001       ;
; VHDL Version                                                               ; VHDL_1993          ; VHDL_1993          ;
; State Machine Processing                                                   ; Auto               ; Auto               ;
; Safe State Machine                                                         ; Off                ; Off                ;
; Extract Verilog State Machines                                             ; On                 ; On                 ;
; Extract VHDL State Machines                                                ; On                 ; On                 ;
; Ignore Verilog initial constructs                                          ; Off                ; Off                ;
; Iteration limit for constant Verilog loops                                 ; 5000               ; 5000               ;
; Iteration limit for non-constant Verilog loops                             ; 250                ; 250                ;
; Add Pass-Through Logic to Inferred RAMs                                    ; On                 ; On                 ;
; Infer RAMs from Raw Logic                                                  ; On                 ; On                 ;
; Parallel Synthesis                                                         ; On                 ; On                 ;
; DSP Block Balancing                                                        ; Auto               ; Auto               ;
; NOT Gate Push-Back                                                         ; On                 ; On                 ;
; Power-Up Don't Care                                                        ; On                 ; On                 ;
; Remove Redundant Logic Cells                                               ; Off                ; Off                ;
; Remove Duplicate Registers                                                 ; On                 ; On                 ;
; Ignore CARRY Buffers                                                       ; Off                ; Off                ;
; Ignore CASCADE Buffers                                                     ; Off                ; Off                ;
; Ignore GLOBAL Buffers                                                      ; Off                ; Off                ;
; Ignore ROW GLOBAL Buffers                                                  ; Off                ; Off                ;
; Ignore LCELL Buffers                                                       ; Off                ; Off                ;
; Ignore SOFT Buffers                                                        ; On                 ; On                 ;
; Limit AHDL Integers to 32 Bits                                             ; Off                ; Off                ;
; Optimization Technique                                                     ; Balanced           ; Balanced           ;
; Carry Chain Length                                                         ; 70                 ; 70                 ;
; Auto Carry Chains                                                          ; On                 ; On                 ;
; Auto Open-Drain Pins                                                       ; On                 ; On                 ;
; Perform WYSIWYG Primitive Resynthesis                                      ; Off                ; Off                ;
; Auto ROM Replacement                                                       ; On                 ; On                 ;
; Auto RAM Replacement                                                       ; On                 ; On                 ;
; Auto DSP Block Replacement                                                 ; On                 ; On                 ;
; Auto Shift Register Replacement                                            ; Auto               ; Auto               ;
; Allow Shift Register Merging across Hierarchies                            ; Auto               ; Auto               ;
; Auto Clock Enable Replacement                                              ; On                 ; On                 ;
; Strict RAM Replacement                                                     ; Off                ; Off                ;
; Allow Synchronous Control Signals                                          ; On                 ; On                 ;
; Force Use of Synchronous Clear Signals                                     ; Off                ; Off                ;
; Auto RAM Block Balancing                                                   ; On                 ; On                 ;
; Auto RAM to Logic Cell Conversion                                          ; Off                ; Off                ;
; Auto Resource Sharing                                                      ; Off                ; Off                ;
; Allow Any RAM Size For Recognition                                         ; Off                ; Off                ;
; Allow Any ROM Size For Recognition                                         ; Off                ; Off                ;
; Allow Any Shift Register Size For Recognition                              ; Off                ; Off                ;
; Use LogicLock Constraints during Resource Balancing                        ; On                 ; On                 ;
; Ignore translate_off and synthesis_off directives                          ; Off                ; Off                ;
; Timing-Driven Synthesis                                                    ; On                 ; On                 ;
; Report Parameter Settings                                                  ; On                 ; On                 ;
; Report Source Assignments                                                  ; On                 ; On                 ;
; Report Connectivity Checks                                                 ; On                 ; On                 ;
; Ignore Maximum Fan-Out Assignments                                         ; Off                ; Off                ;
; Synchronization Register Chain Length                                      ; 2                  ; 2                  ;
; PowerPlay Power Optimization During Synthesis                              ; Normal compilation ; Normal compilation ;
; HDL message level                                                          ; Level2             ; Level2             ;
; Suppress Register Optimization Related Messages                            ; Off                ; Off                ;
; Number of Removed Registers Reported in Synthesis Report                   ; 5000               ; 5000               ;
; Number of Swept Nodes Reported in Synthesis Report                         ; 5000               ; 5000               ;
; Number of Inverted Registers Reported in Synthesis Report                  ; 100                ; 100                ;
; Clock MUX Protection                                                       ; On                 ; On                 ;
; Auto Gated Clock Conversion                                                ; Off                ; Off                ;
; Block Design Naming                                                        ; Auto               ; Auto               ;
; SDC constraint protection                                                  ; Off                ; Off                ;
; Synthesis Effort                                                           ; Auto               ; Auto               ;
; Shift Register Replacement - Allow Asynchronous Clear Signal               ; On                 ; On                 ;
; Pre-Mapping Resynthesis Optimization                                       ; Off                ; Off                ;
; Analysis & Synthesis Message Level                                         ; Medium             ; Medium             ;
; Disable Register Merging Across Hierarchies                                ; Auto               ; Auto               ;
; Resource Aware Inference For Block RAM                                     ; On                 ; On                 ;
+----------------------------------------------------------------------------+--------------------+--------------------+


+------------------------------------------+
; Parallel Compilation                     ;
+----------------------------+-------------+
; Processors                 ; Number      ;
+----------------------------+-------------+
; Number detected on machine ; 4           ;
; Maximum allowed            ; 2           ;
;                            ;             ;
; Average used               ; 1.00        ;
; Maximum used               ; 1           ;
;                            ;             ;
; Usage by Processor         ; % Time Used ;
;     Processor 1            ; 100.0%      ;
+----------------------------+-------------+


+-----------------------------------------------------------------------------------------------------------------------------------------------------------------------+
; Analysis & Synthesis Source Files Read                                                                                                                                ;
+----------------------------------+-----------------+------------------------+-------------------------------------------------------------------------------+---------+
; File Name with User-Entered Path ; Used in Netlist ; File Type              ; File Name with Absolute Path                                                  ; Library ;
+----------------------------------+-----------------+------------------------+-------------------------------------------------------------------------------+---------+
; extend.v                         ; yes             ; User Verilog HDL File  ; C:/Users/rafae/OneDrive/햞ea de Trabalho/GitHub/MIPS/MIPS_CPU/Extend/extend.v ;         ;
+----------------------------------+-----------------+------------------------+-------------------------------------------------------------------------------+---------+


+---------------------------------------------+
; Analysis & Synthesis Resource Usage Summary ;
+--------------------------+------------------+
; Resource                 ; Usage            ;
+--------------------------+------------------+
; I/O pins                 ; 50               ;
;                          ;                  ;
; DSP block 9-bit elements ; 0                ;
;                          ;                  ;
; Maximum fan-out node     ; clk~input        ;
; Maximum fan-out          ; 17               ;
; Total fan-out            ; 133              ;
; Average fan-out          ; 1.00             ;
+--------------------------+------------------+


+----------------------------------------------------------------------------------------------------------------------------------------------------------------------------------------------------------------------+
; Analysis & Synthesis Resource Utilization by Entity                                                                                                                                                                  ;
+----------------------------+---------------------+---------------------------+-------------+--------------+---------+-----------+-----------+------+--------------+---------------------+-------------+--------------+
; Compilation Hierarchy Node ; Combinational ALUTs ; Dedicated Logic Registers ; Memory Bits ; DSP Elements ; DSP 9x9 ; DSP 18x18 ; DSP 36x36 ; Pins ; Virtual Pins ; Full Hierarchy Name ; Entity Name ; Library Name ;
+----------------------------+---------------------+---------------------------+-------------+--------------+---------+-----------+-----------+------+--------------+---------------------+-------------+--------------+
; |extend                    ; 16 (16)             ; 17 (17)                   ; 0           ; 0            ; 0       ; 0         ; 0         ; 50   ; 0            ; |extend             ; extend      ; work         ;
+----------------------------+---------------------+---------------------------+-------------+--------------+---------+-----------+-----------+------+--------------+---------------------+-------------+--------------+
Note: For table entries with two numbers listed, the numbers in parentheses indicate the number of resources of the given type used by the specific entity alone. The numbers listed outside of parentheses indicate the total resources of the given type used by the specific entity and all of its sub-entities in the hierarchy.


+---------------------------------------------------------------------------------+
; Registers Removed During Synthesis                                              ;
+----------------------------------------+----------------------------------------+
; Register name                          ; Reason for Removal                     ;
+----------------------------------------+----------------------------------------+
; data_Out[17]~reg0                      ; Stuck at GND due to stuck port data_in ;
; data_Out[18]~reg0                      ; Stuck at GND due to stuck port data_in ;
; data_Out[19]~reg0                      ; Stuck at GND due to stuck port data_in ;
; data_Out[20]~reg0                      ; Stuck at GND due to stuck port data_in ;
; data_Out[21]~reg0                      ; Stuck at GND due to stuck port data_in ;
; data_Out[22]~reg0                      ; Stuck at GND due to stuck port data_in ;
; data_Out[23]~reg0                      ; Stuck at GND due to stuck port data_in ;
; data_Out[24]~reg0                      ; Stuck at GND due to stuck port data_in ;
; data_Out[25]~reg0                      ; Stuck at GND due to stuck port data_in ;
; data_Out[26]~reg0                      ; Stuck at GND due to stuck port data_in ;
; data_Out[27]~reg0                      ; Stuck at GND due to stuck port data_in ;
; data_Out[28]~reg0                      ; Stuck at GND due to stuck port data_in ;
; data_Out[29]~reg0                      ; Stuck at GND due to stuck port data_in ;
; data_Out[30]~reg0                      ; Stuck at GND due to stuck port data_in ;
; data_Out[31]~reg0                      ; Stuck at GND due to stuck port data_in ;
; Total Number of Removed Registers = 15 ;                                        ;
+----------------------------------------+----------------------------------------+


+------------------------------------------------------+
; General Register Statistics                          ;
+----------------------------------------------+-------+
; Statistic                                    ; Value ;
+----------------------------------------------+-------+
; Total registers                              ; 17    ;
; Number of registers using Synchronous Clear  ; 0     ;
; Number of registers using Synchronous Load   ; 0     ;
; Number of registers using Asynchronous Clear ; 0     ;
; Number of registers using Asynchronous Load  ; 0     ;
; Number of registers using Clock Enable       ; 0     ;
; Number of registers using Preset             ; 0     ;
+----------------------------------------------+-------+


+-----------------------------------------------------+
; Post-Synthesis Netlist Statistics for Top Partition ;
+-----------------------+-----------------------------+
; Type                  ; Count                       ;
+-----------------------+-----------------------------+
; boundary_port         ; 50                          ;
; cycloneiii_ff         ; 17                          ;
;     plain             ; 17                          ;
; cycloneiii_lcell_comb ; 17                          ;
;     normal            ; 17                          ;
;         0 data inputs ; 1                           ;
;         2 data inputs ; 16                          ;
;                       ;                             ;
; Max LUT depth         ; 1.00                        ;
; Average LUT depth     ; 0.63                        ;
+-----------------------+-----------------------------+


+-------------------------------+
; Elapsed Time Per Partition    ;
+----------------+--------------+
; Partition Name ; Elapsed Time ;
+----------------+--------------+
; Top            ; 00:00:04     ;
+----------------+--------------+


+-------------------------------+
; Analysis & Synthesis Messages ;
+-------------------------------+
Info: *******************************************************************
Info: Running Quartus Prime Analysis & Synthesis
    Info: Version 17.0.0 Build 595 04/25/2017 SJ Lite Edition
    Info: Processing started: Sat Nov 23 15:47:37 2019
Info: Command: quartus_map --read_settings_files=on --write_settings_files=off extend -c extend
Warning (18236): Number of processors has not been specified which may cause overloading on shared machines.  Set the global assignment NUM_PARALLEL_PROCESSORS in your QSF to an appropriate value for best performance.
Info (20030): Parallel compilation is enabled and will use 2 of the 2 processors detected
Info (12021): Found 1 design units, including 1 entities, in source file extend.v
    Info (12023): Found entity 1: extend File: C:/Users/rafae/OneDrive/햞ea de Trabalho/GitHub/MIPS/MIPS_CPU/Extend/extend.v Line: 1
Info (12021): Found 1 design units, including 1 entities, in source file extend_tb.v
    Info (12023): Found entity 1: extend_TB File: C:/Users/rafae/OneDrive/햞ea de Trabalho/GitHub/MIPS/MIPS_CPU/Extend/extend_TB.v Line: 3
Info (12127): Elaborating entity "extend" for the top level hierarchy
Warning (13024): Output pins are stuck at VCC or GND
    Warning (13410): Pin "data_Out[17]" is stuck at GND File: C:/Users/rafae/OneDrive/햞ea de Trabalho/GitHub/MIPS/MIPS_CPU/Extend/extend.v Line: 8
    Warning (13410): Pin "data_Out[18]" is stuck at GND File: C:/Users/rafae/OneDrive/햞ea de Trabalho/GitHub/MIPS/MIPS_CPU/Extend/extend.v Line: 8
    Warning (13410): Pin "data_Out[19]" is stuck at GND File: C:/Users/rafae/OneDrive/햞ea de Trabalho/GitHub/MIPS/MIPS_CPU/Extend/extend.v Line: 8
    Warning (13410): Pin "data_Out[20]" is stuck at GND File: C:/Users/rafae/OneDrive/햞ea de Trabalho/GitHub/MIPS/MIPS_CPU/Extend/extend.v Line: 8
    Warning (13410): Pin "data_Out[21]" is stuck at GND File: C:/Users/rafae/OneDrive/햞ea de Trabalho/GitHub/MIPS/MIPS_CPU/Extend/extend.v Line: 8
    Warning (13410): Pin "data_Out[22]" is stuck at GND File: C:/Users/rafae/OneDrive/햞ea de Trabalho/GitHub/MIPS/MIPS_CPU/Extend/extend.v Line: 8
    Warning (13410): Pin "data_Out[23]" is stuck at GND File: C:/Users/rafae/OneDrive/햞ea de Trabalho/GitHub/MIPS/MIPS_CPU/Extend/extend.v Line: 8
    Warning (13410): Pin "data_Out[24]" is stuck at GND File: C:/Users/rafae/OneDrive/햞ea de Trabalho/GitHub/MIPS/MIPS_CPU/Extend/extend.v Line: 8
    Warning (13410): Pin "data_Out[25]" is stuck at GND File: C:/Users/rafae/OneDrive/햞ea de Trabalho/GitHub/MIPS/MIPS_CPU/Extend/extend.v Line: 8
    Warning (13410): Pin "data_Out[26]" is stuck at GND File: C:/Users/rafae/OneDrive/햞ea de Trabalho/GitHub/MIPS/MIPS_CPU/Extend/extend.v Line: 8
    Warning (13410): Pin "data_Out[27]" is stuck at GND File: C:/Users/rafae/OneDrive/햞ea de Trabalho/GitHub/MIPS/MIPS_CPU/Extend/extend.v Line: 8
    Warning (13410): Pin "data_Out[28]" is stuck at GND File: C:/Users/rafae/OneDrive/햞ea de Trabalho/GitHub/MIPS/MIPS_CPU/Extend/extend.v Line: 8
    Warning (13410): Pin "data_Out[29]" is stuck at GND File: C:/Users/rafae/OneDrive/햞ea de Trabalho/GitHub/MIPS/MIPS_CPU/Extend/extend.v Line: 8
    Warning (13410): Pin "data_Out[30]" is stuck at GND File: C:/Users/rafae/OneDrive/햞ea de Trabalho/GitHub/MIPS/MIPS_CPU/Extend/extend.v Line: 8
    Warning (13410): Pin "data_Out[31]" is stuck at GND File: C:/Users/rafae/OneDrive/햞ea de Trabalho/GitHub/MIPS/MIPS_CPU/Extend/extend.v Line: 8
Info (286030): Timing-Driven Synthesis is running
Info (16010): Generating hard_block partition "hard_block:auto_generated_inst"
    Info (16011): Adding 0 node(s), including 0 DDIO, 0 PLL, 0 transceiver and 0 LCELL
Info (21057): Implemented 68 device resources after synthesis - the final resource count might be different
    Info (21058): Implemented 18 input pins
    Info (21059): Implemented 32 output pins
    Info (21061): Implemented 18 logic cells
Info: Quartus Prime Analysis & Synthesis was successful. 0 errors, 17 warnings
    Info: Peak virtual memory: 4837 megabytes
    Info: Processing ended: Sat Nov 23 15:48:18 2019
    Info: Elapsed time: 00:00:41
    Info: Total CPU time (on all processors): 00:00:49


